<?xml version="1.0" encoding="UTF-8"?>
<!-- Generated by org.testng.reporters.JUnitReportReporter -->
<testsuite skipped="0" hostname="W306942B9A0V6" name="com.steerlean.fizzbuzz.rule.TestRuleFactory" tests="1" failures="0" timestamp="18 Dec 2017 12:35:36 GMT" time="0.015" errors="0">
  <testcase name="testcreateSumOfDigitsDivisibility" time="0.015" classname="com.steerlean.fizzbuzz.rule.TestRuleFactory"/>
</testsuite> <!-- com.steerlean.fizzbuzz.rule.TestRuleFactory -->
