<?xml version="1.0" encoding="UTF-8"?>
<!-- Generated by org.testng.reporters.JUnitReportReporter -->
<testsuite skipped="0" hostname="W306942B9A0V6" name="com.steerlean.fizzbuzz.MyTestClass" tests="3" failures="0" timestamp="18 Dec 2017 12:02:14 GMT" time="0.000" errors="0">
  <testcase name="testDivisibilityRuleForDivisorZero" time="0.000" classname="com.steerlean.fizzbuzz.MyTestClass"/>
  <testcase name="testDivisibilityRule" time="0.000" classname="com.steerlean.fizzbuzz.MyTestClass"/>
  <testcase name="testDivisibilityRuleNonDividibleNumber" time="0.000" classname="com.steerlean.fizzbuzz.MyTestClass"/>
</testsuite> <!-- com.steerlean.fizzbuzz.MyTestClass -->
